<?xml version="1.0" encoding="UTF-8"?>
<testng-results skipped="0" failed="0" total="1" passed="1">
  <reporter-output>
  </reporter-output>
  <suite name="Suite" duration-ms="14528" started-at="2020-07-16T05:23:40Z" finished-at="2020-07-16T05:23:54Z">
    <groups>
      <group name="cucumber">
        <method signature="TestRunner.feature(cucumber.api.testng.CucumberFeatureWrapper)[pri:0, instance:test.TestRunner@4cf777e8]" name="feature" class="test.TestRunner"/>
      </group> <!-- cucumber -->
    </groups>
    <test name="Test" duration-ms="14528" started-at="2020-07-16T05:23:40Z" finished-at="2020-07-16T05:23:54Z">
      <class name="test.TestRunner">
        <test-method status="PASS" signature="openBrowser()[pri:0, instance:test.TestRunner@4cf777e8]" name="openBrowser" is-config="true" duration-ms="14737" started-at="2020-07-16T10:53:25Z" finished-at="2020-07-16T10:53:40Z">
          <reporter-output>
          </reporter-output>
        </test-method> <!-- openBrowser -->
        <test-method status="PASS" signature="setUpClass()[pri:0, instance:test.TestRunner@4cf777e8]" name="setUpClass" is-config="true" duration-ms="1539" started-at="2020-07-16T10:53:40Z" finished-at="2020-07-16T10:53:41Z">
          <reporter-output>
          </reporter-output>
        </test-method> <!-- setUpClass -->
        <test-method status="PASS" signature="feature(cucumber.api.testng.CucumberFeatureWrapper)[pri:0, instance:test.TestRunner@4cf777e8]" name="feature" duration-ms="12462" started-at="2020-07-16T10:53:42Z" description="Runs Cucumber Feature" data-provider="features" finished-at="2020-07-16T10:53:54Z">
          <params>
            <param index="0">
              <value>
                <![CDATA[This feature is to automate the Elearning page]]>
              </value>
            </param>
          </params>
          <reporter-output>
          </reporter-output>
        </test-method> <!-- feature -->
        <test-method status="PASS" signature="tearDownClass()[pri:0, instance:test.TestRunner@4cf777e8]" name="tearDownClass" is-config="true" duration-ms="6" started-at="2020-07-16T10:53:54Z" finished-at="2020-07-16T10:53:54Z">
          <reporter-output>
          </reporter-output>
        </test-method> <!-- tearDownClass -->
      </class> <!-- test.TestRunner -->
    </test> <!-- Test -->
  </suite> <!-- Suite -->
</testng-results>
